<?xml version="1.0" encoding="UTF-8"?>
<!-- Generated by org.testng.reporters.JUnitReportReporter -->
<testsuite hostname="Naveen" failures="0" tests="1" name="TestCase.TestCase1" time="16.662" errors="0" timestamp="14 Dec 2023 10:41:30 GMT" skipped="0">
  <testcase classname="TestCase.TestCase1" name="runnerMethod" time="16.662"/>
</testsuite> <!-- TestCase.TestCase1 -->
